<?xml version="1.0" encoding="UTF-8"?>
<!-- Generated by org.testng.reporters.JUnitReportReporter -->
<testsuite skipped="0" hostname="LAPTOP-3N63N73N" name="One.ddd" tests="3" failures="0" timestamp="2022-07-16T07:46:02 IST" time="6.047" errors="0">
  <testcase name="zdd" time="3.013" classname="One.ddd"/>
  <system-out/>
  <testcase name="zdd" time="3.032" classname="One.ddd"/>
  <system-out/>
  <testcase name="mmm" time="0.002" classname="One.ddd"/>
  <system-out/>
</testsuite> <!-- One.ddd -->
