<?xml version="1.0" encoding="UTF-8"?>
<!-- Generated by org.testng.reporters.JUnitReportReporter -->
<testsuite skipped="0" hostname="LAPTOP-3N63N73N" name="One.BBB$ddd" tests="3" failures="0" timestamp="2022-07-15T11:25:40 IST" time="6.038" errors="0">
  <testcase name="zdd" time="3.027" classname="One.BBB$ddd"/>
  <system-out/>
  <testcase name="mmm" time="0.004" classname="One.BBB$ddd"/>
  <system-out/>
  <testcase name="zdd" time="3.007" classname="One.BBB$ddd"/>
  <system-out/>
</testsuite> <!-- One.BBB$ddd -->
