<?xml version="1.0" encoding="UTF-8"?>
<!-- Generated by org.testng.reporters.JUnitReportReporter -->
<testsuite skipped="0" hostname="LAPTOP-3N63N73N" name="One.BBB" tests="1" failures="0" timestamp="2022-07-26T18:06:19 IST" time="6.644" errors="0">
  <testcase name="add" time="6.644" classname="One.BBB"/>
  <system-out/>
</testsuite> <!-- One.BBB -->
