<?xml version="1.0" encoding="UTF-8"?>
<!-- Generated by org.testng.reporters.JUnitReportReporter -->
<testsuite skipped="0" hostname="LAPTOP-3N63N73N" name="One.AAA" tests="3" failures="0" timestamp="2022-07-14T10:58:29 IST" time="10.027" errors="0">
  <testcase name="zdd" time="5.008" classname="One.AAA"/>
  <system-out/>
  <testcase name="zdd" time="5.018" classname="One.AAA"/>
  <system-out/>
  <testcase name="mmm" time="0.001" classname="One.AAA"/>
  <system-out/>
</testsuite> <!-- One.AAA -->
